<?xml version="1.0" encoding="UTF-8"?>
<!-- Generated by org.testng.reporters.JUnitReportReporter -->
<testsuite hostname="ban-PC" name="M100_AutoTest.UsersConfig" tests="1" failures="0" timestamp="3 Jan 2014 06:34:56 GMT" time="34.072" errors="0">
  <testcase name="test2" time="34.072" classname="M100_AutoTest.UsersConfig"/>
</testsuite> <!-- M100_AutoTest.UsersConfig -->
