<?xml version="1.0" encoding="UTF-8"?>
<!-- Generated by org.testng.reporters.JUnitReportReporter -->
<testsuite hostname="ban-PC" name="Test1.baidu" tests="1" failures="0" timestamp="2 Jan 2014 03:56:22 GMT" time="8.280" errors="0">
  <testcase name="test_case3" time="8.280" classname="Test1.baidu"/>
</testsuite> <!-- Test1.baidu -->
