<?xml version="1.0" encoding="UTF-8"?>
<!-- Generated by org.testng.reporters.JUnitReportReporter -->
<testsuite hostname="ban-PC" name="M100_AutoTest.Login" tests="1" failures="0" timestamp="15 Jan 2014 02:07:46 GMT" time="27.113" errors="0">
  <testcase name="test1" time="27.113" classname="M100_AutoTest.Login"/>
</testsuite> <!-- M100_AutoTest.Login -->
