<?xml version="1.0" encoding="UTF-8"?>
<!-- Generated by org.testng.reporters.JUnitReportReporter -->
<testsuite hostname="ban-PC" name="M100_AutoTest.IP_MacBind" tests="1" failures="0" timestamp="15 Jan 2014 02:07:45 GMT" time="48.633" errors="0">
  <testcase name="test5" time="48.633" classname="M100_AutoTest.IP_MacBind"/>
</testsuite> <!-- M100_AutoTest.IP_MacBind -->
