<?xml version="1.0" encoding="UTF-8"?>
<!-- Generated by org.testng.reporters.JUnitReportReporter -->
<testsuite hostname="ban-PC" name="Test.baidu" tests="1" failures="0" timestamp="2 Jan 2014 06:14:02 GMT" time="9.649" errors="0">
  <testcase name="test_case1" time="9.649" classname="Test.baidu"/>
</testsuite> <!-- Test.baidu -->
