<?xml version="1.0" encoding="UTF-8"?>
<!-- Generated by org.testng.reporters.JUnitReportReporter -->
<testsuite hostname="ban-PC" name="Test.Case3" tests="1" failures="0" timestamp="2 Jan 2014 02:24:39 GMT" time="10.517" errors="0">
  <testcase name="test_case3" time="10.517" classname="Test.Case3"/>
</testsuite> <!-- Test.Case3 -->
