<?xml version="1.0" encoding="UTF-8"?>
<!-- Generated by org.testng.reporters.JUnitReportReporter -->
<testsuite hostname="ban-PC" name="M100_AutoTest.TimeConfig" tests="1" failures="0" timestamp="15 Jan 2014 02:07:45 GMT" time="62.424" errors="0">
  <testcase name="test2" time="62.424" classname="M100_AutoTest.TimeConfig"/>
</testsuite> <!-- M100_AutoTest.TimeConfig -->
